Arguments: 
  /usr/local/bin/node /usr/local/Cellar/yarn/1.22.4/libexec/bin/yarn.js

PATH: 
  /usr/local/opt/sqlite/bin:/usr/local/opt/ruby/bin:/usr/local/opt/openssl@1.1/bin:/usr/local/opt/openssl/bin:/anaconda3/bin:/Library/Frameworks/Python.framework/Versions/3.7/bin:/usr/local/opt/sqlite/bin:/usr/local/opt/sqlite/bin:/usr/local/opt/openssl/bin:/Library/Frameworks/Python.framework/Versions/2.7/bin:/usr/local/opt/icu4c/sbin:/usr/local/opt/icu4c/bin:/usr/local/bin:/usr/bin:/bin:/usr/sbin:/sbin:/Users/rizwanzaheer/Library/Android/sdk/tools:/Users/rizwanzaheer/Library/Android/sdk/platform-tools:/Users/rizwanzaheer/Library/Android/sdk:/Users/rizwanzaheer/Library/Android/sdk/tools:/Users/rizwanzaheer/Library/Android/sdk/platform-tools:/Users/rizwanzaheer/flutter/bin

Yarn version: 
  1.22.4

Node version: 
  12.16.1

Platform: 
  darwin x64

Trace: 
  Error: read ECONNRESET
      at TLSWrap.onStreamRead (internal/stream_base_commons.js:205:27)

npm manifest: 
  {
    "name": "lyrical",
    "version": "1.0.0",
    "description": "Starter point for a graphQL course",
    "main": "index.js",
    "repository": {
      "type": "git",
      "url": "https://github.com/rizwanzaheer/Lyrical-GraphQL"
    },
    "scripts": {
      "dev": "nodemon index.js --ignore client"
    },
    "author": "",
    "license": "ISC",
    "dependencies": {
      "nodemon": "*",
      "apollo-client": "^0.8.1",
      "axios": "^0.15.3",
      "babel-core": "^6.22.1",
      "babel-loader": "^6.2.10",
      "babel-preset-env": "^1.1.8",
      "babel-preset-react": "^6.22.0",
      "body-parser": "^1.16.0",
      "connect-mongo": "^1.3.2",
      "css-loader": "^0.26.1",
      "express": "^4.14.0",
      "express-graphql": "^0.6.1",
      "express-session": "^1.15.0",
      "graphql": "^0.8.2",
      "html-webpack-plugin": "^2.26.0",
      "lodash": "^4.17.4",
      "mongoose": "^4.7.8",
      "passport": "^0.3.2",
      "passport-local": "^1.0.0",
      "react": "15.4.2",
      "react-apollo": "^0.9.0",
      "react-dom": "15.4.2",
      "react-router": "^3.0.2",
      "style-loader": "^0.13.1",
      "webpack": "^2.2.0",
      "webpack-dev-middleware": "^1.9.0"
    }
  }

yarn manifest: 
  No manifest

Lockfile: 
  No lockfile
